<?xml version="1.0" encoding="UTF-8"?>
<testsuite xmlns:xsi="http://www.w3.org/2001/XMLSchema-instance" xsi:noNamespaceSchemaLocation="https://maven.apache.org/surefire/maven-surefire-plugin/xsd/surefire-test-report.xsd" version="3.0.2" name="com.CrossingGuardJoe.viewer.images.Font.FontImageFactoryTest" time="0.016" tests="11" errors="0" skipped="0" failures="0">
  <properties>
[...]
</properties>
  <testcase name="testGetImageRepresentationWithShort" classname="com.CrossingGuardJoe.viewer.images.Font.FontImageFactoryTest" time="0.002"/>
  <testcase name="testGetImageRepresentationWithLong" classname="com.CrossingGuardJoe.viewer.images.Font.FontImageFactoryTest" time="0.001"/>
  <testcase name="testGetAlphabetIndexWithLetter" classname="com.CrossingGuardJoe.viewer.images.Font.FontImageFactoryTest" time="0.002"/>
  <testcase name="testGetImageRepresentationWithSpaceCharacter" classname="com.CrossingGuardJoe.viewer.images.Font.FontImageFactoryTest" time="0.001"/>
  <testcase name="testGetNumberImage" classname="com.CrossingGuardJoe.viewer.images.Font.FontImageFactoryTest" time="0.001"/>
  <testcase name="testGetTextImage" classname="com.CrossingGuardJoe.viewer.images.Font.FontImageFactoryTest" time="0.001"/>
  <testcase name="testGetImageRepresentationWithString" classname="com.CrossingGuardJoe.viewer.images.Font.FontImageFactoryTest" time="0.001"/>
  <testcase name="testGetAlphabetIndexWithUnsupportedCharacter" classname="com.CrossingGuardJoe.viewer.images.Font.FontImageFactoryTest" time="0.001"/>
  <testcase name="testGetAlphabetIndexWithNonLetter" classname="com.CrossingGuardJoe.viewer.images.Font.FontImageFactoryTest" time="0.0"/>
  <testcase name="testGetImageRepresentationWithUnsupportedType" classname="com.CrossingGuardJoe.viewer.images.Font.FontImageFactoryTest" time="0.001"/>
  <testcase name="testGetImageRepresentationWithInteger" classname="com.CrossingGuardJoe.viewer.images.Font.FontImageFactoryTest" time="0.001"/>
</testsuite>